<?xml version="1.0" encoding="UTF-8"?>
<!-- Generated by org.testng.reporters.JUnitXMLReporter -->
<testsuite hostname="INNO2-5095" name="Default test" tests="6" failures="0" timestamp="30 Apr 2020 18:57:19 GMT" time="145.211" errors="0">
  <testcase name="Verifycontactonformation" time="0.065" classname="com.qa.testcases.CreatecontactTC"/>
  <testcase name="VerifyLoadbutton" time="0.028" classname="com.qa.testcases.CreatecontactTC"/>
  <testcase name="createconctactssss" time="2.08" classname="com.qa.testcases.CreatecontactTC"/>
  <testcase name="createconctactssss" time="3.18" classname="com.qa.testcases.CreatecontactTC"/>
  <testcase name="createconctactssss" time="4.445" classname="com.qa.testcases.CreatecontactTC"/>
  <testcase name="createconctactssss" time="2.7" classname="com.qa.testcases.CreatecontactTC"/>
</testsuite> <!-- Default test -->
