<?xml version="1.0" encoding="UTF-8"?>
<!-- Generated by org.testng.reporters.JUnitXMLReporter -->
<testsuite hostname="INNO2-5095" name="Test" tests="3" failures="0" timestamp="30 Apr 2020 19:30:32 GMT" time="86.942" errors="0">
  <testcase name="Verifuser" time="0.091" classname="com.qa.testcases.HomepageTC"/>
  <testcase name="Veriflogin" time="0.054" classname="com.qa.testcases.HomepageTC"/>
  <testcase name="Verifcontactlink" time="11.919" classname="com.qa.testcases.HomepageTC"/>
</testsuite> <!-- Test -->
