<?xml version="1.0" encoding="UTF-8"?>
<testsuite xmlns:xsi="http://www.w3.org/2001/XMLSchema-instance" xsi:noNamespaceSchemaLocation="https://maven.apache.org/surefire/maven-surefire-plugin/xsd/surefire-test-report.xsd" name="TestSuite" time="21.311" tests="30" errors="0" skipped="29" failures="1">
  <properties>
[...]
</properties>
  <testcase name="Beforet" classname="com.qa.testcases.LoginTC" time="20.364">
    <failure message="chrome not reachable&#10;  (Session info: chrome=81.0.4044.122)&#10;Build info: version: &apos;3.7.0&apos;, revision: &apos;2321c73&apos;, time: &apos;2017-11-02T22:22:35.584Z&apos;&#10;System info: host: &apos;INNO2-5095&apos;, ip: &apos;192.168.0.106&apos;, os.name: &apos;Windows 10&apos;, os.arch: &apos;amd64&apos;, os.version: &apos;10.0&apos;, java.version: &apos;1.8.0_101&apos;&#10;Driver info: org.openqa.selenium.chrome.ChromeDriver&#10;Capabilities {acceptInsecureCerts: false, browserName: chrome, browserVersion: 81.0.4044.122, chrome: {chromedriverVersion: 80.0.3987.16 (320f6526c1632..., userDataDir: C:\Users\G516741\AppData\Lo...}, goog:chromeOptions: {debuggerAddress: localhost:56932}, javascriptEnabled: true, networkConnectionEnabled: false, pageLoadStrategy: normal, platform: WINDOWS, platformName: WINDOWS, proxy: Proxy(), setWindowRect: true, strictFileInteractability: false, timeouts: {implicit: 0, pageLoad: 300000, script: 30000}, unhandledPromptBehavior: dismiss and notify}&#10;Session ID: 4c89c34eb8a725efa17a4a4cb4056dcc" type="org.openqa.selenium.WebDriverException">org.openqa.selenium.WebDriverException: 
chrome not reachable
  (Session info: chrome=81.0.4044.122)
Build info: version: '3.7.0', revision: '2321c73', time: '2017-11-02T22:22:35.584Z'
System info: host: 'INNO2-5095', ip: '192.168.0.106', os.name: 'Windows 10', os.arch: 'amd64', os.version: '10.0', java.version: '1.8.0_101'
Driver info: org.openqa.selenium.chrome.ChromeDriver
Capabilities {acceptInsecureCerts: false, browserName: chrome, browserVersion: 81.0.4044.122, chrome: {chromedriverVersion: 80.0.3987.16 (320f6526c1632..., userDataDir: C:\Users\G516741\AppData\Lo...}, goog:chromeOptions: {debuggerAddress: localhost:56932}, javascriptEnabled: true, networkConnectionEnabled: false, pageLoadStrategy: normal, platform: WINDOWS, platformName: WINDOWS, proxy: Proxy(), setWindowRect: true, strictFileInteractability: false, timeouts: {implicit: 0, pageLoad: 300000, script: 30000}, unhandledPromptBehavior: dismiss and notify}
Session ID: 4c89c34eb8a725efa17a4a4cb4056dcc
	at com.qa.testcases.LoginTC.Beforet(LoginTC.java:32)
</failure>
    <system-err><![CDATA[SLF4J: Failed to load class "org.slf4j.impl.StaticLoggerBinder".
SLF4J: Defaulting to no-operation (NOP) logger implementation
SLF4J: See http://www.slf4j.org/codes.html#StaticLoggerBinder for further details.
Apr 26, 2020 11:20:07 AM org.openqa.selenium.remote.ProtocolHandshake createSession
INFO: Detected dialect: W3C
]]></system-err>
  </testcase>
  <testcase name="logintest" classname="com.qa.testcases.LoginTC" time="0">
    <skipped/>
  </testcase>
  <testcase name="Aftertest" classname="com.qa.testcases.LoginTC" time="0">
    <skipped/>
  </testcase>
  <testcase name="Teardown" classname="com.qa.testcases.LoginTC" time="0">
    <skipped/>
  </testcase>
  <testcase name="Beforetest" classname="com.qa.testcases.HomepageTC" time="0">
    <skipped/>
  </testcase>
  <testcase name="Beforetest" classname="com.qa.testcases.HomepageTC" time="0">
    <skipped/>
  </testcase>
  <testcase name="Verifuser" classname="com.qa.testcases.HomepageTC" time="0">
    <skipped/>
  </testcase>
  <testcase name="Aftertest" classname="com.qa.testcases.HomepageTC" time="0">
    <skipped/>
  </testcase>
  <testcase name="Aftertest" classname="com.qa.testcases.HomepageTC" time="0">
    <skipped/>
  </testcase>
  <testcase name="Veriflogin" classname="com.qa.testcases.HomepageTC" time="0">
    <skipped/>
  </testcase>
  <testcase name="Teardown" classname="com.qa.testcases.HomepageTC" time="0">
    <skipped/>
  </testcase>
  <testcase name="Beforet" classname="com.qa.testcases.CreatecontactTC" time="0">
    <skipped/>
  </testcase>
  <testcase name="Beforet" classname="com.qa.testcases.CreatecontactTC" time="0">
    <skipped/>
  </testcase>
  <testcase name="Beforet" classname="com.qa.testcases.CreatecontactTC" time="0">
    <skipped/>
    <system-out><![CDATA[Getlastrownu===> 4
Getlastcolvalue =====>5
Dr.
Ankit
Kumar
LNU
Esq.
Miss
Nitin
kalak
NUL
II
Mr.
Mohit
sood
TIDDA
III
Mrs.
Sonu
kumar
TRUE
IV
]]></system-out>
  </testcase>
  <testcase name="Beforet" classname="com.qa.testcases.CreatecontactTC" time="0">
    <skipped/>
  </testcase>
  <testcase name="Beforet" classname="com.qa.testcases.CreatecontactTC" time="0">
    <skipped/>
  </testcase>
  <testcase name="Beforet" classname="com.qa.testcases.CreatecontactTC" time="0">
    <skipped/>
  </testcase>
  <testcase name="Verifycontactonformation" classname="com.qa.testcases.CreatecontactTC" time="0">
    <skipped/>
  </testcase>
  <testcase name="Aftertest" classname="com.qa.testcases.CreatecontactTC" time="0">
    <skipped/>
  </testcase>
  <testcase name="Aftertest" classname="com.qa.testcases.CreatecontactTC" time="0">
    <skipped/>
  </testcase>
  <testcase name="Aftertest" classname="com.qa.testcases.CreatecontactTC" time="0">
    <skipped/>
  </testcase>
  <testcase name="Aftertest" classname="com.qa.testcases.CreatecontactTC" time="0">
    <skipped/>
  </testcase>
  <testcase name="Aftertest" classname="com.qa.testcases.CreatecontactTC" time="0">
    <skipped/>
  </testcase>
  <testcase name="Aftertest" classname="com.qa.testcases.CreatecontactTC" time="0">
    <skipped/>
  </testcase>
  <testcase name="VerifyLoadbutton" classname="com.qa.testcases.CreatecontactTC" time="0">
    <skipped/>
  </testcase>
  <testcase name="createconctactssss" classname="com.qa.testcases.CreatecontactTC" time="0">
    <skipped/>
  </testcase>
  <testcase name="createconctactssss" classname="com.qa.testcases.CreatecontactTC" time="0">
    <skipped/>
  </testcase>
  <testcase name="createconctactssss" classname="com.qa.testcases.CreatecontactTC" time="0">
    <skipped/>
  </testcase>
  <testcase name="createconctactssss" classname="com.qa.testcases.CreatecontactTC" time="0">
    <skipped/>
  </testcase>
  <testcase name="Teardown" classname="com.qa.testcases.CreatecontactTC" time="0">
    <skipped/>
  </testcase>
</testsuite>