<?xml version="1.0" encoding="UTF-8"?>
<testng-results skipped="9" failed="0" total="9" passed="0">
  <reporter-output>
  </reporter-output>
  <suite name="Suite" duration-ms="19184" started-at="2020-04-26T05:50:05Z" finished-at="2020-04-26T05:50:24Z">
    <groups>
    </groups>
    <test name="Test" duration-ms="19184" started-at="2020-04-26T05:50:05Z" finished-at="2020-04-26T05:50:24Z">
      <class name="com.qa.testcases.LoginTC">
        <test-method status="FAIL" signature="Beforet()[pri:0, instance:com.qa.testcases.LoginTC@7bab3f1a]" name="Beforet" is-config="true" duration-ms="0" started-at="2020-04-26T11:20:05Z" finished-at="2020-04-26T11:20:05Z">
          <exception class="org.openqa.selenium.WebDriverException">
            <message>
              <![CDATA[chrome not reachable
  (Session info: chrome=81.0.4044.122)
Build info: version: '3.7.0', revision: '2321c73', time: '2017-11-02T22:22:35.584Z'
System info: host: 'INNO2-5095', ip: '192.168.0.106', os.name: 'Windows 10', os.arch: 'amd64', os.version: '10.0', java.version: '1.8.0_101'
Driver info: org.openqa.selenium.chrome.ChromeDriver
Capabilities {acceptInsecureCerts: false, browserName: chrome, browserVersion: 81.0.4044.122, chrome: {chromedriverVersion: 80.0.3987.16 (320f6526c1632..., userDataDir: C:\Users\G516741\AppData\Lo...}, goog:chromeOptions: {debuggerAddress: localhost:56932}, javascriptEnabled: true, networkConnectionEnabled: false, pageLoadStrategy: normal, platform: WINDOWS, platformName: WINDOWS, proxy: Proxy(), setWindowRect: true, strictFileInteractability: false, timeouts: {implicit: 0, pageLoad: 300000, script: 30000}, unhandledPromptBehavior: dismiss and notify}
Session ID: 4c89c34eb8a725efa17a4a4cb4056dcc]]>
            </message>
            <full-stacktrace>
              <![CDATA[org.openqa.selenium.WebDriverException: chrome not reachable
  (Session info: chrome=81.0.4044.122)
Build info: version: '3.7.0', revision: '2321c73', time: '2017-11-02T22:22:35.584Z'
System info: host: 'INNO2-5095', ip: '192.168.0.106', os.name: 'Windows 10', os.arch: 'amd64', os.version: '10.0', java.version: '1.8.0_101'
Driver info: org.openqa.selenium.chrome.ChromeDriver
Capabilities {acceptInsecureCerts: false, browserName: chrome, browserVersion: 81.0.4044.122, chrome: {chromedriverVersion: 80.0.3987.16 (320f6526c1632..., userDataDir: C:\Users\G516741\AppData\Lo...}, goog:chromeOptions: {debuggerAddress: localhost:56932}, javascriptEnabled: true, networkConnectionEnabled: false, pageLoadStrategy: normal, platform: WINDOWS, platformName: WINDOWS, proxy: Proxy(), setWindowRect: true, strictFileInteractability: false, timeouts: {implicit: 0, pageLoad: 300000, script: 30000}, unhandledPromptBehavior: dismiss and notify}
Session ID: 4c89c34eb8a725efa17a4a4cb4056dcc
	at sun.reflect.NativeConstructorAccessorImpl.newInstance0(Native Method)
	at sun.reflect.NativeConstructorAccessorImpl.newInstance(NativeConstructorAccessorImpl.java:62)
	at sun.reflect.DelegatingConstructorAccessorImpl.newInstance(DelegatingConstructorAccessorImpl.java:45)
	at java.lang.reflect.Constructor.newInstance(Constructor.java:423)
	at org.openqa.selenium.remote.http.W3CHttpResponseCodec.createException(W3CHttpResponseCodec.java:187)
	at org.openqa.selenium.remote.http.W3CHttpResponseCodec.decode(W3CHttpResponseCodec.java:122)
	at org.openqa.selenium.remote.http.W3CHttpResponseCodec.decode(W3CHttpResponseCodec.java:49)
	at org.openqa.selenium.remote.HttpCommandExecutor.execute(HttpCommandExecutor.java:164)
	at org.openqa.selenium.remote.service.DriverCommandExecutor.execute(DriverCommandExecutor.java:83)
	at org.openqa.selenium.remote.RemoteWebDriver.execute(RemoteWebDriver.java:600)
	at org.openqa.selenium.remote.RemoteWebDriver.execute(RemoteWebDriver.java:657)
	at org.openqa.selenium.remote.RemoteWebDriver$RemoteWebDriverOptions.deleteAllCookies(RemoteWebDriver.java:742)
	at com.qa.base.Testbase.initializebrowser(Testbase.java:97)
	at com.qa.testcases.LoginTC.Beforet(LoginTC.java:32)
	at sun.reflect.NativeMethodAccessorImpl.invoke0(Native Method)
	at sun.reflect.NativeMethodAccessorImpl.invoke(NativeMethodAccessorImpl.java:62)
	at sun.reflect.DelegatingMethodAccessorImpl.invoke(DelegatingMethodAccessorImpl.java:43)
	at java.lang.reflect.Method.invoke(Method.java:498)
	at org.testng.internal.MethodInvocationHelper.invokeMethod(MethodInvocationHelper.java:85)
	at org.testng.internal.Invoker.invokeConfigurationMethod(Invoker.java:510)
	at org.testng.internal.Invoker.invokeConfigurations(Invoker.java:211)
	at org.testng.internal.Invoker.invokeMethod(Invoker.java:585)
	at org.testng.internal.Invoker.invokeTestMethod(Invoker.java:821)
	at org.testng.internal.Invoker.invokeTestMethods(Invoker.java:1131)
	at org.testng.internal.TestMethodWorker.invokeTestMethods(TestMethodWorker.java:125)
	at org.testng.internal.TestMethodWorker.run(TestMethodWorker.java:108)
	at org.testng.TestRunner.privateRun(TestRunner.java:773)
	at org.testng.TestRunner.run(TestRunner.java:623)
	at org.testng.SuiteRunner.runTest(SuiteRunner.java:357)
	at org.testng.SuiteRunner.runSequentially(SuiteRunner.java:352)
	at org.testng.SuiteRunner.privateRun(SuiteRunner.java:310)
	at org.testng.SuiteRunner.run(SuiteRunner.java:259)
	at org.testng.SuiteRunnerWorker.runSuite(SuiteRunnerWorker.java:52)
	at org.testng.SuiteRunnerWorker.run(SuiteRunnerWorker.java:86)
	at org.testng.TestNG.runSuitesSequentially(TestNG.java:1185)
	at org.testng.TestNG.runSuitesLocally(TestNG.java:1110)
	at org.testng.TestNG.run(TestNG.java:1018)
	at org.apache.maven.surefire.testng.TestNGExecutor.run(TestNGExecutor.java:283)
	at org.apache.maven.surefire.testng.TestNGXmlTestSuite.execute(TestNGXmlTestSuite.java:75)
	at org.apache.maven.surefire.testng.TestNGProvider.invoke(TestNGProvider.java:120)
	at org.apache.maven.surefire.booter.ForkedBooter.invokeProviderInSameClassLoader(ForkedBooter.java:384)
	at org.apache.maven.surefire.booter.ForkedBooter.runSuitesInProcess(ForkedBooter.java:345)
	at org.apache.maven.surefire.booter.ForkedBooter.execute(ForkedBooter.java:126)
	at org.apache.maven.surefire.booter.ForkedBooter.main(ForkedBooter.java:418)
]]>
            </full-stacktrace>
          </exception> <!-- org.openqa.selenium.WebDriverException -->
          <reporter-output>
          </reporter-output>
        </test-method> <!-- Beforet -->
        <test-method status="SKIP" signature="logintest()[pri:0, instance:com.qa.testcases.LoginTC@7bab3f1a]" name="logintest" duration-ms="3" started-at="2020-04-26T11:20:24Z" finished-at="2020-04-26T11:20:24Z">
          <reporter-output>
          </reporter-output>
        </test-method> <!-- logintest -->
        <test-method status="SKIP" signature="Aftertest()[pri:0, instance:com.qa.testcases.LoginTC@7bab3f1a]" name="Aftertest" is-config="true" duration-ms="0" started-at="2020-04-26T11:20:24Z" finished-at="2020-04-26T11:20:24Z">
          <reporter-output>
          </reporter-output>
        </test-method> <!-- Aftertest -->
        <test-method status="SKIP" signature="Teardown()[pri:0, instance:com.qa.testcases.LoginTC@7bab3f1a]" name="Teardown" is-config="true" duration-ms="0" started-at="2020-04-26T11:20:24Z" finished-at="2020-04-26T11:20:24Z">
          <reporter-output>
          </reporter-output>
        </test-method> <!-- Teardown -->
      </class> <!-- com.qa.testcases.LoginTC -->
      <class name="com.qa.testcases.CreatecontactTC">
        <test-method status="SKIP" signature="Verifycontactonformation()[pri:0, instance:com.qa.testcases.CreatecontactTC@201a4587]" name="Verifycontactonformation" duration-ms="2" started-at="2020-04-26T11:20:24Z" finished-at="2020-04-26T11:20:24Z">
          <reporter-output>
          </reporter-output>
        </test-method> <!-- Verifycontactonformation -->
        <test-method status="SKIP" signature="Beforet()[pri:0, instance:com.qa.testcases.CreatecontactTC@201a4587]" name="Beforet" is-config="true" duration-ms="0" started-at="2020-04-26T11:20:24Z" finished-at="2020-04-26T11:20:24Z">
          <reporter-output>
          </reporter-output>
        </test-method> <!-- Beforet -->
        <test-method status="SKIP" signature="Beforet()[pri:0, instance:com.qa.testcases.CreatecontactTC@201a4587]" name="Beforet" is-config="true" duration-ms="0" started-at="2020-04-26T11:20:24Z" finished-at="2020-04-26T11:20:24Z">
          <reporter-output>
          </reporter-output>
        </test-method> <!-- Beforet -->
        <test-method status="SKIP" signature="Aftertest()[pri:0, instance:com.qa.testcases.CreatecontactTC@201a4587]" name="Aftertest" is-config="true" duration-ms="0" started-at="2020-04-26T11:20:24Z" finished-at="2020-04-26T11:20:24Z">
          <reporter-output>
          </reporter-output>
        </test-method> <!-- Aftertest -->
        <test-method status="SKIP" signature="VerifyLoadbutton()[pri:0, instance:com.qa.testcases.CreatecontactTC@201a4587]" name="VerifyLoadbutton" duration-ms="1" started-at="2020-04-26T11:20:24Z" finished-at="2020-04-26T11:20:24Z">
          <reporter-output>
          </reporter-output>
        </test-method> <!-- VerifyLoadbutton -->
        <test-method status="SKIP" signature="Aftertest()[pri:0, instance:com.qa.testcases.CreatecontactTC@201a4587]" name="Aftertest" is-config="true" duration-ms="0" started-at="2020-04-26T11:20:24Z" finished-at="2020-04-26T11:20:24Z">
          <reporter-output>
          </reporter-output>
        </test-method> <!-- Aftertest -->
        <test-method status="SKIP" signature="createconctactssss(java.lang.String, java.lang.String, java.lang.String, java.lang.String, java.lang.String)[pri:0, instance:com.qa.testcases.CreatecontactTC@201a4587]" name="createconctactssss" duration-ms="4" started-at="2020-04-26T11:20:24Z" data-provider="getdata" finished-at="2020-04-26T11:20:24Z">
          <params>
            <param index="0">
              <value>
                <![CDATA[Dr.]]>
              </value>
            </param>
            <param index="1">
              <value>
                <![CDATA[Ankit]]>
              </value>
            </param>
            <param index="2">
              <value>
                <![CDATA[Kumar]]>
              </value>
            </param>
            <param index="3">
              <value>
                <![CDATA[LNU]]>
              </value>
            </param>
            <param index="4">
              <value>
                <![CDATA[Esq.]]>
              </value>
            </param>
          </params>
          <reporter-output>
          </reporter-output>
        </test-method> <!-- createconctactssss -->
        <test-method status="SKIP" signature="Beforet()[pri:0, instance:com.qa.testcases.CreatecontactTC@201a4587]" name="Beforet" is-config="true" duration-ms="0" started-at="2020-04-26T11:20:24Z" finished-at="2020-04-26T11:20:24Z">
          <reporter-output>
          </reporter-output>
        </test-method> <!-- Beforet -->
        <test-method status="SKIP" signature="Beforet()[pri:0, instance:com.qa.testcases.CreatecontactTC@201a4587]" name="Beforet" is-config="true" duration-ms="0" started-at="2020-04-26T11:20:24Z" finished-at="2020-04-26T11:20:24Z">
          <reporter-output>
          </reporter-output>
        </test-method> <!-- Beforet -->
        <test-method status="SKIP" signature="createconctactssss(java.lang.String, java.lang.String, java.lang.String, java.lang.String, java.lang.String)[pri:0, instance:com.qa.testcases.CreatecontactTC@201a4587]" name="createconctactssss" duration-ms="3" started-at="2020-04-26T11:20:24Z" data-provider="getdata" finished-at="2020-04-26T11:20:24Z">
          <params>
            <param index="0">
              <value>
                <![CDATA[Miss]]>
              </value>
            </param>
            <param index="1">
              <value>
                <![CDATA[Nitin]]>
              </value>
            </param>
            <param index="2">
              <value>
                <![CDATA[kalak]]>
              </value>
            </param>
            <param index="3">
              <value>
                <![CDATA[NUL]]>
              </value>
            </param>
            <param index="4">
              <value>
                <![CDATA[II]]>
              </value>
            </param>
          </params>
          <reporter-output>
          </reporter-output>
        </test-method> <!-- createconctactssss -->
        <test-method status="SKIP" signature="Aftertest()[pri:0, instance:com.qa.testcases.CreatecontactTC@201a4587]" name="Aftertest" is-config="true" duration-ms="0" started-at="2020-04-26T11:20:24Z" finished-at="2020-04-26T11:20:24Z">
          <reporter-output>
          </reporter-output>
        </test-method> <!-- Aftertest -->
        <test-method status="SKIP" signature="Aftertest()[pri:0, instance:com.qa.testcases.CreatecontactTC@201a4587]" name="Aftertest" is-config="true" duration-ms="0" started-at="2020-04-26T11:20:24Z" finished-at="2020-04-26T11:20:24Z">
          <reporter-output>
          </reporter-output>
        </test-method> <!-- Aftertest -->
        <test-method status="SKIP" signature="createconctactssss(java.lang.String, java.lang.String, java.lang.String, java.lang.String, java.lang.String)[pri:0, instance:com.qa.testcases.CreatecontactTC@201a4587]" name="createconctactssss" duration-ms="3" started-at="2020-04-26T11:20:24Z" data-provider="getdata" finished-at="2020-04-26T11:20:24Z">
          <params>
            <param index="0">
              <value>
                <![CDATA[Mr.]]>
              </value>
            </param>
            <param index="1">
              <value>
                <![CDATA[Mohit]]>
              </value>
            </param>
            <param index="2">
              <value>
                <![CDATA[sood]]>
              </value>
            </param>
            <param index="3">
              <value>
                <![CDATA[TIDDA]]>
              </value>
            </param>
            <param index="4">
              <value>
                <![CDATA[III]]>
              </value>
            </param>
          </params>
          <reporter-output>
          </reporter-output>
        </test-method> <!-- createconctactssss -->
        <test-method status="SKIP" signature="Beforet()[pri:0, instance:com.qa.testcases.CreatecontactTC@201a4587]" name="Beforet" is-config="true" duration-ms="0" started-at="2020-04-26T11:20:24Z" finished-at="2020-04-26T11:20:24Z">
          <reporter-output>
          </reporter-output>
        </test-method> <!-- Beforet -->
        <test-method status="SKIP" signature="Aftertest()[pri:0, instance:com.qa.testcases.CreatecontactTC@201a4587]" name="Aftertest" is-config="true" duration-ms="0" started-at="2020-04-26T11:20:24Z" finished-at="2020-04-26T11:20:24Z">
          <reporter-output>
          </reporter-output>
        </test-method> <!-- Aftertest -->
        <test-method status="SKIP" signature="Beforet()[pri:0, instance:com.qa.testcases.CreatecontactTC@201a4587]" name="Beforet" is-config="true" duration-ms="0" started-at="2020-04-26T11:20:24Z" finished-at="2020-04-26T11:20:24Z">
          <reporter-output>
          </reporter-output>
        </test-method> <!-- Beforet -->
        <test-method status="SKIP" signature="createconctactssss(java.lang.String, java.lang.String, java.lang.String, java.lang.String, java.lang.String)[pri:0, instance:com.qa.testcases.CreatecontactTC@201a4587]" name="createconctactssss" duration-ms="2" started-at="2020-04-26T11:20:24Z" data-provider="getdata" finished-at="2020-04-26T11:20:24Z">
          <params>
            <param index="0">
              <value>
                <![CDATA[Mrs.]]>
              </value>
            </param>
            <param index="1">
              <value>
                <![CDATA[Sonu]]>
              </value>
            </param>
            <param index="2">
              <value>
                <![CDATA[kumar]]>
              </value>
            </param>
            <param index="3">
              <value>
                <![CDATA[TRUE]]>
              </value>
            </param>
            <param index="4">
              <value>
                <![CDATA[IV]]>
              </value>
            </param>
          </params>
          <reporter-output>
          </reporter-output>
        </test-method> <!-- createconctactssss -->
        <test-method status="SKIP" signature="Teardown()[pri:0, instance:com.qa.testcases.CreatecontactTC@201a4587]" name="Teardown" is-config="true" duration-ms="0" started-at="2020-04-26T11:20:24Z" finished-at="2020-04-26T11:20:24Z">
          <reporter-output>
          </reporter-output>
        </test-method> <!-- Teardown -->
        <test-method status="SKIP" signature="Aftertest()[pri:0, instance:com.qa.testcases.CreatecontactTC@201a4587]" name="Aftertest" is-config="true" duration-ms="0" started-at="2020-04-26T11:20:24Z" finished-at="2020-04-26T11:20:24Z">
          <reporter-output>
          </reporter-output>
        </test-method> <!-- Aftertest -->
      </class> <!-- com.qa.testcases.CreatecontactTC -->
      <class name="com.qa.testcases.HomepageTC">
        <test-method status="SKIP" signature="Verifuser()[pri:0, instance:com.qa.testcases.HomepageTC@47e2e487]" name="Verifuser" duration-ms="3" started-at="2020-04-26T11:20:24Z" finished-at="2020-04-26T11:20:24Z">
          <reporter-output>
          </reporter-output>
        </test-method> <!-- Verifuser -->
        <test-method status="SKIP" signature="Beforetest()[pri:0, instance:com.qa.testcases.HomepageTC@47e2e487]" name="Beforetest" is-config="true" duration-ms="0" started-at="2020-04-26T11:20:24Z" finished-at="2020-04-26T11:20:24Z">
          <reporter-output>
          </reporter-output>
        </test-method> <!-- Beforetest -->
        <test-method status="SKIP" signature="Aftertest()[pri:0, instance:com.qa.testcases.HomepageTC@47e2e487]" name="Aftertest" is-config="true" duration-ms="0" started-at="2020-04-26T11:20:24Z" finished-at="2020-04-26T11:20:24Z">
          <reporter-output>
          </reporter-output>
        </test-method> <!-- Aftertest -->
        <test-method status="SKIP" signature="Veriflogin()[pri:0, instance:com.qa.testcases.HomepageTC@47e2e487]" name="Veriflogin" duration-ms="2" started-at="2020-04-26T11:20:24Z" finished-at="2020-04-26T11:20:24Z">
          <reporter-output>
          </reporter-output>
        </test-method> <!-- Veriflogin -->
        <test-method status="SKIP" signature="Beforetest()[pri:0, instance:com.qa.testcases.HomepageTC@47e2e487]" name="Beforetest" is-config="true" duration-ms="0" started-at="2020-04-26T11:20:24Z" finished-at="2020-04-26T11:20:24Z">
          <reporter-output>
          </reporter-output>
        </test-method> <!-- Beforetest -->
        <test-method status="SKIP" signature="Teardown()[pri:0, instance:com.qa.testcases.HomepageTC@47e2e487]" name="Teardown" is-config="true" duration-ms="0" started-at="2020-04-26T11:20:24Z" finished-at="2020-04-26T11:20:24Z">
          <reporter-output>
          </reporter-output>
        </test-method> <!-- Teardown -->
        <test-method status="SKIP" signature="Aftertest()[pri:0, instance:com.qa.testcases.HomepageTC@47e2e487]" name="Aftertest" is-config="true" duration-ms="0" started-at="2020-04-26T11:20:24Z" finished-at="2020-04-26T11:20:24Z">
          <reporter-output>
          </reporter-output>
        </test-method> <!-- Aftertest -->
      </class> <!-- com.qa.testcases.HomepageTC -->
    </test> <!-- Test -->
  </suite> <!-- Suite -->
</testng-results>
