<?xml version="1.0" encoding="UTF-8"?>
<testng-results skipped="0" failed="0" total="1" passed="1">
  <reporter-output>
  </reporter-output>
  <suite name="Suite" duration-ms="21231" started-at="2020-04-30T19:58:10Z" finished-at="2020-04-30T19:58:32Z">
    <groups>
    </groups>
    <test name="Test" duration-ms="21231" started-at="2020-04-30T19:58:10Z" finished-at="2020-04-30T19:58:32Z">
      <class name="com.qa.testcases.LoginTC">
        <test-method status="PASS" signature="setUp()[pri:0, instance:com.qa.testcases.LoginTC@6276ae34]" name="setUp" is-config="true" duration-ms="11630" started-at="2020-05-01T01:28:10Z" finished-at="2020-05-01T01:28:22Z">
          <reporter-output>
          </reporter-output>
        </test-method> <!-- setUp -->
        <test-method status="PASS" signature="logintest()[pri:0, instance:com.qa.testcases.LoginTC@6276ae34]" name="logintest" duration-ms="8821" started-at="2020-05-01T01:28:22Z" finished-at="2020-05-01T01:28:31Z">
          <reporter-output>
          </reporter-output>
        </test-method> <!-- logintest -->
        <test-method status="PASS" signature="Teardown()[pri:0, instance:com.qa.testcases.LoginTC@6276ae34]" name="Teardown" is-config="true" duration-ms="774" started-at="2020-05-01T01:28:31Z" finished-at="2020-05-01T01:28:32Z">
          <reporter-output>
          </reporter-output>
        </test-method> <!-- Teardown -->
      </class> <!-- com.qa.testcases.LoginTC -->
    </test> <!-- Test -->
  </suite> <!-- Suite -->
</testng-results>
