<?xml version="1.0" encoding="UTF-8"?>
<testng-results skipped="0" failed="0" total="3" passed="3">
  <reporter-output>
  </reporter-output>
  <suite name="Suite" duration-ms="86942" started-at="2020-04-30T19:29:05Z" finished-at="2020-04-30T19:30:32Z">
    <groups>
    </groups>
    <test name="Test" duration-ms="86942" started-at="2020-04-30T19:29:05Z" finished-at="2020-04-30T19:30:32Z">
      <class name="com.qa.testcases.HomepageTC">
        <test-method status="PASS" signature="Beforetest()[pri:0, instance:com.qa.testcases.HomepageTC@4efac082]" name="Beforetest" is-config="true" duration-ms="23055" started-at="2020-05-01T00:59:05Z" finished-at="2020-05-01T00:59:28Z">
          <reporter-output>
          </reporter-output>
        </test-method> <!-- Beforetest -->
        <test-method status="PASS" signature="Verifuser()[pri:1, instance:com.qa.testcases.HomepageTC@4efac082]" name="Verifuser" duration-ms="91" started-at="2020-05-01T00:59:28Z" finished-at="2020-05-01T00:59:28Z">
          <reporter-output>
          </reporter-output>
        </test-method> <!-- Verifuser -->
        <test-method status="PASS" signature="Aftertest()[pri:0, instance:com.qa.testcases.HomepageTC@4efac082]" name="Aftertest" is-config="true" duration-ms="74" started-at="2020-05-01T00:59:28Z" finished-at="2020-05-01T00:59:28Z">
          <reporter-output>
          </reporter-output>
        </test-method> <!-- Aftertest -->
        <test-method status="PASS" signature="Beforetest()[pri:0, instance:com.qa.testcases.HomepageTC@4efac082]" name="Beforetest" is-config="true" duration-ms="27171" started-at="2020-05-01T00:59:28Z" finished-at="2020-05-01T00:59:55Z">
          <reporter-output>
          </reporter-output>
        </test-method> <!-- Beforetest -->
        <test-method status="PASS" signature="Veriflogin()[pri:2, instance:com.qa.testcases.HomepageTC@4efac082]" name="Veriflogin" duration-ms="54" started-at="2020-05-01T00:59:55Z" finished-at="2020-05-01T00:59:55Z">
          <reporter-output>
          </reporter-output>
        </test-method> <!-- Veriflogin -->
        <test-method status="PASS" signature="Aftertest()[pri:0, instance:com.qa.testcases.HomepageTC@4efac082]" name="Aftertest" is-config="true" duration-ms="91" started-at="2020-05-01T00:59:55Z" finished-at="2020-05-01T00:59:55Z">
          <reporter-output>
          </reporter-output>
        </test-method> <!-- Aftertest -->
        <test-method status="PASS" signature="Beforetest()[pri:0, instance:com.qa.testcases.HomepageTC@4efac082]" name="Beforetest" is-config="true" duration-ms="23742" started-at="2020-05-01T00:59:55Z" finished-at="2020-05-01T01:00:19Z">
          <reporter-output>
          </reporter-output>
        </test-method> <!-- Beforetest -->
        <test-method status="PASS" signature="Verifcontactlink()[pri:3, instance:com.qa.testcases.HomepageTC@4efac082]" name="Verifcontactlink" duration-ms="11919" started-at="2020-05-01T01:00:19Z" finished-at="2020-05-01T01:00:31Z">
          <reporter-output>
          </reporter-output>
        </test-method> <!-- Verifcontactlink -->
        <test-method status="PASS" signature="Aftertest()[pri:0, instance:com.qa.testcases.HomepageTC@4efac082]" name="Aftertest" is-config="true" duration-ms="49" started-at="2020-05-01T01:00:31Z" finished-at="2020-05-01T01:00:31Z">
          <reporter-output>
          </reporter-output>
        </test-method> <!-- Aftertest -->
        <test-method status="PASS" signature="Teardown()[pri:0, instance:com.qa.testcases.HomepageTC@4efac082]" name="Teardown" is-config="true" duration-ms="669" started-at="2020-05-01T01:00:31Z" finished-at="2020-05-01T01:00:32Z">
          <reporter-output>
          </reporter-output>
        </test-method> <!-- Teardown -->
      </class> <!-- com.qa.testcases.HomepageTC -->
    </test> <!-- Test -->
  </suite> <!-- Suite -->
</testng-results>
